<?xml version="1.0" encoding="UTF-8"?>
<!-- Generated by org.testng.reporters.JUnitXMLReporter -->
<testsuite hostname="DESKTOP-1R9E1U3" ignored="0" name="Free CRM Sanity TestCases" tests="3" failures="0" timestamp="18 Aug 2020 18:23:05 GMT" time="34.281" errors="0">
  <testcase name="loginpagetitletest" time="0.027" classname="CRM.testpages.LoginpageTest"/>
  <testcase name="loginpagelogo" time="0.192" classname="CRM.testpages.LoginpageTest"/>
  <testcase name="logintest" time="9.927" classname="CRM.testpages.LoginpageTest"/>
</testsuite> <!-- Free CRM Sanity TestCases -->
