<?xml version="1.0" encoding="UTF-8"?>
<!-- Generated by org.testng.reporters.JUnitXMLReporter -->
<testsuite hostname="DESKTOP-1R9E1U3" ignored="1" name="Free CRM Regression TestCases" tests="12" failures="0" timestamp="2020-08-01T17:03:11 EDT" time="179.927" errors="0">
  <testcase name="loginpagetitletest" time="0.025" classname="CRM.testpages.LoginpageTest"/>
  <testcase name="loginpagelogo" time="0.058" classname="CRM.testpages.LoginpageTest"/>
  <testcase name="logintest" time="9.367" classname="CRM.testpages.LoginpageTest"/>
  <testcase name="homepagetitletest" time="0.01" classname="CRM.testpages.HomepageTest"/>
  <testcase name="homepagelogotest" time="0.032" classname="CRM.testpages.HomepageTest"/>
  <testcase name="homepageuserlabeltest" time="0.031" classname="CRM.testpages.HomepageTest"/>
  <testcase name="clickCalendarlink" time="0.104" classname="CRM.testpages.HomepageTest"/>
  <testcase name="clickContactslink" time="0.088" classname="CRM.testpages.HomepageTest"/>
  <testcase name="clickCompanieslink" time="0.095" classname="CRM.testpages.HomepageTest"/>
  <testcase name="clickdealslink" time="0.105" classname="CRM.testpages.HomepageTest"/>
  <testcase name="contactspagelabeltest" time="0.066" classname="CRM.testpages.ContactspageTest"/>
  <testcase name="validatecontactspagetrashicon" time="0.306" classname="CRM.testpages.ContactspageTest"/>
  <testcase name="validatecontactspagecheckbox" time="0.0" classname="CRM.testpages.ContactspageTest">
    <ignored/>
  </testcase> <!-- validatecontactspagecheckbox -->
</testsuite> <!-- Free CRM Regression TestCases -->
