<?xml version="1.0" encoding="UTF-8"?>
<!-- Generated by org.testng.reporters.JUnitXMLReporter -->
<testsuite hostname="DESKTOP-1R9E1U3" ignored="0" name="Default test" tests="3" failures="0" timestamp="19 Aug 2020 16:20:53 GMT" time="36.01" errors="0">
  <testcase name="loginpagetitletest" time="0.03" classname="CRM.testpages.LoginpageTest"/>
  <testcase name="loginpagelogo" time="0.203" classname="CRM.testpages.LoginpageTest"/>
  <testcase name="logintest" time="10.502" classname="CRM.testpages.LoginpageTest"/>
</testsuite> <!-- Default test -->
